Loading source corpus (bug reports)
Context: identifier
--Vocabulary Size: 2891

Context: class
--Vocabulary Size: 2891

Context: method
--Vocabulary Size: 2891

Loading target corpus (fixed files)
Context: identifier
--Vocabulary Size: 7061

Context: class
--Vocabulary Size: 120

Context: method
--Vocabulary Size: 2092

Creating model model_data/models/model_7_class.mod
Training model model_data/models/model_7_class.mod
 - start time: Wed May  4 16:36:30 2016

  time: Wed May  4 16:36:32 2016
  training loss: 1990.67
  validation loss: 3321.67
  time: Wed May  4 16:36:33 2016
  training loss: 651.989
  validation loss: 913.817
  time: Wed May  4 16:36:34 2016
  training loss: 363.687
  validation loss: 425.798
  time: Wed May  4 16:36:34 2016
  training loss: 276.453
  validation loss: 298.489
  time: Wed May  4 16:36:35 2016
  training loss: 237.579
  validation loss: 247.747
  time: Wed May  4 16:36:36 2016
  training loss: 215.993
  validation loss: 220.78
  time: Wed May  4 16:36:37 2016
  training loss: 201.617
  validation loss: 204.12
  time: Wed May  4 16:36:37 2016
  training loss: 190.931
  validation loss: 192.324
  time: Wed May  4 16:36:38 2016
  training loss: 182.725
  validation loss: 183.29
  time: Wed May  4 16:36:39 2016
  training loss: 175.699
  validation loss: 175.531
  time: Wed May  4 16:36:40 2016
  training loss: 169.452
  validation loss: 169.109
  time: Wed May  4 16:36:40 2016
  training loss: 163.866
  validation loss: 163.385
  time: Wed May  4 16:36:41 2016
  training loss: 159.151
  validation loss: 158.171
  time: Wed May  4 16:36:42 2016
  training loss: 154.344
  validation loss: 153.144
  time: Wed May  4 16:36:42 2016
  training loss: 150.02
  validation loss: 148.705
  time: Wed May  4 16:36:43 2016
  training loss: 145.886
  validation loss: 144.452
  time: Wed May  4 16:36:44 2016
  training loss: 142.077
  validation loss: 140.634
  time: Wed May  4 16:36:45 2016
  training loss: 138.351
  validation loss: 136.902
  time: Wed May  4 16:36:45 2016
  training loss: 135.095
  validation loss: 133.361
  time: Wed May  4 16:36:46 2016
  training loss: 131.686
  validation loss: 130.034
  time: Wed May  4 16:36:47 2016
  training loss: 128.481
  validation loss: 126.812
  time: Wed May  4 16:36:47 2016
  training loss: 125.786
  validation loss: 123.997
  time: Wed May  4 16:36:48 2016
  training loss: 122.976
  validation loss: 121.346
  time: Wed May  4 16:36:49 2016
  training loss: 120.405
  validation loss: 118.681
  time: Wed May  4 16:36:50 2016
  training loss: 117.502
  validation loss: 115.865
  time: Wed May  4 16:36:50 2016
  training loss: 115.245
  validation loss: 113.51
  time: Wed May  4 16:36:51 2016
  training loss: 112.705
  validation loss: 111.094
  time: Wed May  4 16:36:52 2016
  training loss: 111.002
  validation loss: 109.197
  time: Wed May  4 16:36:53 2016
  training loss: 108.583
  validation loss: 106.964
  time: Wed May  4 16:36:54 2016
  training loss: 107.101
  validation loss: 105.384
  time: Wed May  4 16:36:54 2016
  training loss: 104.967
  validation loss: 103.306
  time: Wed May  4 16:36:55 2016
  training loss: 103.532
  validation loss: 101.888
  time: Wed May  4 16:36:56 2016
  training loss: 101.761
  validation loss: 100.173
  time: Wed May  4 16:36:56 2016
  training loss: 100.592
  validation loss: 99.1018
  time: Wed May  4 16:36:57 2016
  training loss: 98.967
  validation loss: 97.5669
  time: Wed May  4 16:36:58 2016
  training loss: 98.2967
  validation loss: 96.7505
  time: Wed May  4 16:36:59 2016
  training loss: 96.5232
  validation loss: 94.9894
  time: Wed May  4 16:36:59 2016
  training loss: 95.8027
  validation loss: 94.2394
  time: Wed May  4 16:37:00 2016
  training loss: 94.497
  validation loss: 92.8211
  time: Wed May  4 16:37:01 2016
  training loss: 93.9835
  validation loss: 92.4269
  time: Wed May  4 16:37:02 2016
  training loss: 92.6415
  validation loss: 91.1999
  time: Wed May  4 16:37:02 2016
  training loss: 92.4207
  validation loss: 90.9031
  time: Wed May  4 16:37:03 2016
  training loss: 90.9709
  validation loss: 89.5229
  time: Wed May  4 16:37:04 2016
  training loss: 90.6094
  validation loss: 89.112
  time: Wed May  4 16:37:05 2016
  training loss: 89.7764
  validation loss: 88.3001
  time: Wed May  4 16:37:05 2016
  training loss: 89.3281
  validation loss: 87.9847
  time: Wed May  4 16:37:06 2016
  training loss: 88.5393
  validation loss: 87.2286
  time: Wed May  4 16:37:07 2016
  training loss: 88.3496
  validation loss: 87.0333
  time: Wed May  4 16:37:08 2016
  training loss: 87.4691
  validation loss: 86.0502
  time: Wed May  4 16:37:09 2016
  training loss: 87.424
  validation loss: 86.2243
  time: Wed May  4 16:37:09 2016
  training loss: 86.549
  validation loss: 85.3208
  time: Wed May  4 16:37:10 2016
  training loss: 86.6132
  validation loss: 85.3136
  time: Wed May  4 16:37:11 2016
  training loss: 85.782
  validation loss: 84.5739
  time: Wed May  4 16:37:11 2016
  training loss: 85.7189
  validation loss: 84.6562
  time: Wed May  4 16:37:12 2016
  training loss: 85.2564
  validation loss: 83.8181
  time: Wed May  4 16:37:13 2016
  training loss: 85.1434
  validation loss: 84.0423
  time: Wed May  4 16:37:14 2016
  training loss: 84.6254
  validation loss: 83.317
  time: Wed May  4 16:37:14 2016
  training loss: 84.5132
  validation loss: 83.4149
  time: Wed May  4 16:37:15 2016
  training loss: 83.7278
  validation loss: 82.7237
  time: Wed May  4 16:37:16 2016
  training loss: 83.9476
  validation loss: 82.8056
  time: Wed May  4 16:37:17 2016
  training loss: 83.3562
  validation loss: 82.4781
  time: Wed May  4 16:37:17 2016
  training loss: 83.836
  validation loss: 82.6059
  time: Wed May  4 16:37:18 2016
  training loss: 82.9966
  validation loss: 81.8975
  time: Wed May  4 16:37:19 2016
  training loss: 83.276
  validation loss: 82.0792
  time: Wed May  4 16:37:20 2016
  training loss: 82.6628
  validation loss: 81.8138
  time: Wed May  4 16:37:20 2016
  training loss: 82.8603
  validation loss: 81.9343
  time: Wed May  4 16:37:21 2016
  training loss: 82.3549
  validation loss: 81.5271
  time: Wed May  4 16:37:22 2016
  training loss: 82.6396
  validation loss: 81.8141
  time: Wed May  4 16:37:23 2016
  training loss: 81.9832
  validation loss: 81.1803
  time: Wed May  4 16:37:23 2016
  training loss: 82.3174
  validation loss: 81.31
  time: Wed May  4 16:37:24 2016
  training loss: 81.9763
  validation loss: 81.2203
  time: Wed May  4 16:37:25 2016
  training loss: 82.0829
  validation loss: 81.1948
  time: Wed May  4 16:37:26 2016
  training loss: 81.6848
  validation loss: 80.5714
  time: Wed May  4 16:37:26 2016
  training loss: 81.9875
  validation loss: 81.3474
  time: Wed May  4 16:37:27 2016
  training loss: 81.518
  validation loss: 80.4484
  time: Wed May  4 16:37:28 2016
  training loss: 81.89
  validation loss: 80.7195
  time: Wed May  4 16:37:29 2016
  training loss: 81.1217
  validation loss: 80.5191
  time: Wed May  4 16:37:29 2016
  training loss: 81.8846
  validation loss: 80.7564
  time: Wed May  4 16:37:30 2016
  training loss: 81.2035
  validation loss: 80.1931
  time: Wed May  4 16:37:31 2016
  training loss: 81.6541
  validation loss: 80.7691
  time: Wed May  4 16:37:32 2016
  training loss: 81.048
  validation loss: 80.0997
  time: Wed May  4 16:37:32 2016
  training loss: 81.388
  validation loss: 80.2311
  time: Wed May  4 16:37:33 2016
  training loss: 81.1195
  validation loss: 80.1433
  time: Wed May  4 16:37:34 2016
  training loss: 81.3213
  validation loss: 80.7218
  time: Wed May  4 16:37:34 2016
  training loss: 81.1347
  validation loss: 80.3198
  time: Wed May  4 16:37:35 2016
  training loss: 81.3574
  validation loss: 80.2065
  time: Wed May  4 16:37:36 2016
  training loss: 80.5539
  validation loss: 79.8202
  time: Wed May  4 16:37:37 2016
  training loss: 81.1973
  validation loss: 80.1727
  time: Wed May  4 16:37:37 2016
  training loss: 80.6895
  validation loss: 79.8466
  time: Wed May  4 16:37:38 2016
  training loss: 80.869
  validation loss: 79.9517
  time: Wed May  4 16:37:39 2016
  training loss: 80.5447
  validation loss: 79.6536
  time: Wed May  4 16:37:40 2016
  training loss: 81.0588
  validation loss: 80.0388
  time: Wed May  4 16:37:40 2016
  training loss: 80.702
  validation loss: 79.7922
  time: Wed May  4 16:37:41 2016
  training loss: 80.8609
  validation loss: 80.0828
  time: Wed May  4 16:37:42 2016
  training loss: 80.4702
  validation loss: 79.3522
  time: Wed May  4 16:37:42 2016
  training loss: 80.4865
  validation loss: 79.6668
  time: Wed May  4 16:37:43 2016
  training loss: 80.5371
  validation loss: 79.578
  time: Wed May  4 16:37:44 2016
  training loss: 80.8823
  validation loss: 79.8354
  time: Wed May  4 16:37:45 2016
  training loss: 80.3624
  validation loss: 79.4768
  time: Wed May  4 16:37:45 2016
  training loss: 80.7772
  validation loss: 79.8729
 - stop time: Wed May  4 16:37:45 2016
Saving model model_data/models/model_7_class.mod
Creating model model_data/models/model_7_method.mod
Training model model_data/models/model_7_method.mod
 - start time: Wed May  4 16:37:46 2016

  time: Wed May  4 16:37:49 2016
  training loss: 24207.5
  validation loss: 49970.3
  time: Wed May  4 16:37:52 2016
  training loss: 9003.62
  validation loss: 10304.0
  time: Wed May  4 16:37:54 2016
  training loss: 7627.41
  validation loss: 7852.14
  time: Wed May  4 16:37:56 2016
  training loss: 7273.43
  validation loss: 7343.75
  time: Wed May  4 16:37:58 2016
  training loss: 7077.4
  validation loss: 7099.87
  time: Wed May  4 16:38:00 2016
  training loss: 6922.12
  validation loss: 6899.11
  time: Wed May  4 16:38:02 2016
  training loss: 6788.62
  validation loss: 6750.82
  time: Wed May  4 16:38:05 2016
  training loss: 6595.77
  validation loss: 6557.56
  time: Wed May  4 16:38:07 2016
  training loss: 6431.4
  validation loss: 6395.32
  time: Wed May  4 16:38:09 2016
  training loss: 6263.08
  validation loss: 6210.83
  time: Wed May  4 16:38:12 2016
  training loss: 6075.46
  validation loss: 6037.5
  time: Wed May  4 16:38:14 2016
  training loss: 5896.69
  validation loss: 5873.31
  time: Wed May  4 16:38:17 2016
  training loss: 5738.26
  validation loss: 5702.0
  time: Wed May  4 16:38:19 2016
  training loss: 5551.97
  validation loss: 5516.02
  time: Wed May  4 16:38:21 2016
  training loss: 5385.38
  validation loss: 5348.82
  time: Wed May  4 16:38:23 2016
  training loss: 5220.99
  validation loss: 5181.93
  time: Wed May  4 16:38:25 2016
  training loss: 5041.33
  validation loss: 5009.51
  time: Wed May  4 16:38:27 2016
  training loss: 4883.33
  validation loss: 4851.57
  time: Wed May  4 16:38:29 2016
  training loss: 4748.98
  validation loss: 4709.31
  time: Wed May  4 16:38:32 2016
  training loss: 4606.5
  validation loss: 4559.64
  time: Wed May  4 16:38:34 2016
  training loss: 4477.09
  validation loss: 4423.55
  time: Wed May  4 16:38:36 2016
  training loss: 4372.47
  validation loss: 4321.02
  time: Wed May  4 16:38:38 2016
  training loss: 4262.69
  validation loss: 4208.87
  time: Wed May  4 16:38:40 2016
  training loss: 4178.99
  validation loss: 4120.59
  time: Wed May  4 16:38:42 2016
  training loss: 4070.81
  validation loss: 4024.9
  time: Wed May  4 16:38:44 2016
  training loss: 3996.45
  validation loss: 3937.8
  time: Wed May  4 16:38:47 2016
  training loss: 3898.93
  validation loss: 3846.08
  time: Wed May  4 16:38:49 2016
  training loss: 3847.39
  validation loss: 3791.7
  time: Wed May  4 16:38:51 2016
  training loss: 3759.52
  validation loss: 3708.07
  time: Wed May  4 16:38:53 2016
  training loss: 3719.58
  validation loss: 3677.28
  time: Wed May  4 16:38:55 2016
  training loss: 3658.94
  validation loss: 3607.31
  time: Wed May  4 16:38:58 2016
  training loss: 3612.43
  validation loss: 3556.68
  time: Wed May  4 16:39:00 2016
  training loss: 3540.12
  validation loss: 3503.13
  time: Wed May  4 16:39:02 2016
  training loss: 3511.85
  validation loss: 3478.83
  time: Wed May  4 16:39:04 2016
  training loss: 3467.98
  validation loss: 3450.53
  time: Wed May  4 16:39:06 2016
  training loss: 3475.58
  validation loss: 3434.71
  time: Wed May  4 16:39:08 2016
  training loss: 3385.29
  validation loss: 3337.04
  time: Wed May  4 16:39:10 2016
  training loss: 3360.63
  validation loss: 3299.6
  time: Wed May  4 16:39:12 2016
  training loss: 3340.2
  validation loss: 3283.03
  time: Wed May  4 16:39:15 2016
  training loss: 3322.47
  validation loss: 3275.98
  time: Wed May  4 16:39:17 2016
  training loss: 3286.34
  validation loss: 3237.71
  time: Wed May  4 16:39:19 2016
  training loss: 3274.8
  validation loss: 3227.55
  time: Wed May  4 16:39:21 2016
  training loss: 3231.76
  validation loss: 3184.47
  time: Wed May  4 16:39:23 2016
  training loss: 3219.28
  validation loss: 3170.26
  time: Wed May  4 16:39:25 2016
  training loss: 3189.98
  validation loss: 3136.66
  time: Wed May  4 16:39:27 2016
  training loss: 3169.21
  validation loss: 3126.76
  time: Wed May  4 16:39:29 2016
  training loss: 3151.51
  validation loss: 3124.88
  time: Wed May  4 16:39:32 2016
  training loss: 3158.1
  validation loss: 3124.8
  time: Wed May  4 16:39:34 2016
  training loss: 3128.97
  validation loss: 3082.76
  time: Wed May  4 16:39:36 2016
  training loss: 3118.4
  validation loss: 3082.16
  time: Wed May  4 16:39:38 2016
  training loss: 3098.06
  validation loss: 3079.24
  time: Wed May  4 16:39:40 2016
  training loss: 3116.85
  validation loss: 3105.04
  time: Wed May  4 16:39:42 2016
  training loss: 3072.94
  validation loss: 3039.94
  time: Wed May  4 16:39:44 2016
  training loss: 3067.38
  validation loss: 3033.57
  time: Wed May  4 16:39:47 2016
  training loss: 3065.38
  validation loss: 3003.62
  time: Wed May  4 16:39:49 2016
  training loss: 3071.72
  validation loss: 3053.74
  time: Wed May  4 16:39:51 2016
  training loss: 3040.99
  validation loss: 2994.46
  time: Wed May  4 16:39:53 2016
  training loss: 3015.53
  validation loss: 2993.25
  time: Wed May  4 16:39:55 2016
  training loss: 3011.88
  validation loss: 2970.19
  time: Wed May  4 16:39:57 2016
  training loss: 3014.86
  validation loss: 2982.28
  time: Wed May  4 16:39:59 2016
  training loss: 2995.27
  validation loss: 2982.38
  time: Wed May  4 16:40:02 2016
  training loss: 3019.43
  validation loss: 2977.47
  time: Wed May  4 16:40:04 2016
  training loss: 2980.77
  validation loss: 2960.98
  time: Wed May  4 16:40:06 2016
  training loss: 2988.11
  validation loss: 2957.61
  time: Wed May  4 16:40:08 2016
  training loss: 2963.27
  validation loss: 2950.71
  time: Wed May  4 16:40:10 2016
  training loss: 2982.79
  validation loss: 2974.0
  time: Wed May  4 16:40:12 2016
  training loss: 2974.96
  validation loss: 2955.47
  time: Wed May  4 16:40:14 2016
  training loss: 2971.14
  validation loss: 2945.53
  time: Wed May  4 16:40:16 2016
  training loss: 2941.32
  validation loss: 2935.36
  time: Wed May  4 16:40:18 2016
  training loss: 2982.2
  validation loss: 2941.56
  time: Wed May  4 16:40:20 2016
  training loss: 2954.96
  validation loss: 2923.12
  time: Wed May  4 16:40:22 2016
  training loss: 2934.99
  validation loss: 2904.62
  time: Wed May  4 16:40:24 2016
  training loss: 2944.94
  validation loss: 2905.16
  time: Wed May  4 16:40:26 2016
  training loss: 2955.42
  validation loss: 2922.88
  time: Wed May  4 16:40:28 2016
  training loss: 2922.7
  validation loss: 2903.02
  time: Wed May  4 16:40:30 2016
  training loss: 2940.8
  validation loss: 2909.49
  time: Wed May  4 16:40:32 2016
  training loss: 2923.91
  validation loss: 2905.3
  time: Wed May  4 16:40:34 2016
  training loss: 2954.56
  validation loss: 2916.99
  time: Wed May  4 16:40:37 2016
  training loss: 2924.66
  validation loss: 2883.85
  time: Wed May  4 16:40:39 2016
  training loss: 2935.22
  validation loss: 2915.87
  time: Wed May  4 16:40:41 2016
  training loss: 2906.97
  validation loss: 2892.74
  time: Wed May  4 16:40:43 2016
  training loss: 2920.7
  validation loss: 2895.66
  time: Wed May  4 16:40:45 2016
  training loss: 2899.35
  validation loss: 2893.86
  time: Wed May  4 16:40:47 2016
  training loss: 2925.88
  validation loss: 2921.07
 - stop time: Wed May  4 16:40:47 2016
Saving model model_data/models/model_7_method.mod
Creating model model_data/models/model_7_identifier.mod
Training model model_data/models/model_7_identifier.mod
 - start time: Wed May  4 16:40:50 2016

  time: Wed May  4 16:41:00 2016
  training loss: 67478.3
  validation loss: 170528.0
  time: Wed May  4 16:41:08 2016
  training loss: 33944.2
  validation loss: 34548.7
  time: Wed May  4 16:41:16 2016
  training loss: 31842.1
  validation loss: 32435.3
  time: Wed May  4 16:41:25 2016
  training loss: 31305.9
  validation loss: 31456.0
  time: Wed May  4 16:41:33 2016
  training loss: 30604.7
  validation loss: 30739.7
  time: Wed May  4 16:41:41 2016
  training loss: 29859.7
  validation loss: 29876.1
  time: Wed May  4 16:41:51 2016
  training loss: 28965.5
  validation loss: 28857.4
  time: Wed May  4 16:42:02 2016
  training loss: 27813.1
  validation loss: 27640.0
  time: Wed May  4 16:42:13 2016
  training loss: 26872.7
  validation loss: 26818.6
  time: Wed May  4 16:42:24 2016
  training loss: 25872.6
  validation loss: 25720.9
  time: Wed May  4 16:42:36 2016
  training loss: 24935.5
  validation loss: 24739.6
  time: Wed May  4 16:42:47 2016
  training loss: 24015.0
  validation loss: 23858.6
  time: Wed May  4 16:42:59 2016
  training loss: 23293.1
  validation loss: 23126.7
  time: Wed May  4 16:43:11 2016
  training loss: 22481.0
  validation loss: 22374.5
  time: Wed May  4 16:43:23 2016
  training loss: 21753.0
  validation loss: 21519.9
  time: Wed May  4 16:43:34 2016
  training loss: 21073.6
  validation loss: 20784.2
  time: Wed May  4 16:43:46 2016
  training loss: 20638.5
  validation loss: 20337.5
  time: Wed May  4 16:43:57 2016
  training loss: 20108.3
  validation loss: 19980.7
  time: Wed May  4 16:44:08 2016
  training loss: 19582.4
  validation loss: 19355.6
  time: Wed May  4 16:44:18 2016
  training loss: 19135.1
  validation loss: 18900.7
  time: Wed May  4 16:44:30 2016
  training loss: 18695.3
  validation loss: 18532.5
  time: Wed May  4 16:44:41 2016
  training loss: 18618.7
  validation loss: 18397.1
  time: Wed May  4 16:44:53 2016
  training loss: 18228.5
  validation loss: 18116.1
  time: Wed May  4 16:45:04 2016
  training loss: 17992.7
  validation loss: 17698.4
  time: Wed May  4 16:45:16 2016
  training loss: 17880.9
  validation loss: 17599.2
  time: Wed May  4 16:45:28 2016
  training loss: 17701.9
  validation loss: 17363.5
  time: Wed May  4 16:45:39 2016
  training loss: 17149.8
  validation loss: 16870.3
  time: Wed May  4 16:45:50 2016
  training loss: 17023.1
  validation loss: 16873.2
  time: Wed May  4 16:46:02 2016
  training loss: 16691.0
  validation loss: 16448.3
  time: Wed May  4 16:46:13 2016
  training loss: 16627.1
  validation loss: 16410.8
  time: Wed May  4 16:46:24 2016
  training loss: 16611.0
  validation loss: 16289.3
  time: Wed May  4 16:46:35 2016
  training loss: 16452.6
  validation loss: 16197.0
  time: Wed May  4 16:46:46 2016
  training loss: 16339.1
  validation loss: 16208.3
  time: Wed May  4 16:46:57 2016
  training loss: 16011.1
  validation loss: 16073.6
  time: Wed May  4 16:47:08 2016
  training loss: 15950.7
  validation loss: 15743.6
  time: Wed May  4 16:47:19 2016
  training loss: 15937.9
  validation loss: 15784.1
  time: Wed May  4 16:47:30 2016
  training loss: 15923.6
  validation loss: 15677.6
  time: Wed May  4 16:47:41 2016
  training loss: 15670.6
  validation loss: 15454.0
  time: Wed May  4 16:47:52 2016
  training loss: 15742.6
  validation loss: 15456.3
  time: Wed May  4 16:48:04 2016
  training loss: 15649.7
  validation loss: 15334.2
  time: Wed May  4 16:48:14 2016
  training loss: 15613.3
  validation loss: 15347.6
  time: Wed May  4 16:48:25 2016
  training loss: 15301.1
  validation loss: 15162.1
  time: Wed May  4 16:48:37 2016
  training loss: 15234.0
  validation loss: 15035.6
  time: Wed May  4 16:48:48 2016
  training loss: 15312.4
  validation loss: 15141.8
  time: Wed May  4 16:49:00 2016
  training loss: 15253.7
  validation loss: 15023.5
  time: Wed May  4 16:49:11 2016
  training loss: 15087.9
  validation loss: 14793.4
  time: Wed May  4 16:49:22 2016
  training loss: 15129.3
  validation loss: 15125.3
  time: Wed May  4 16:49:33 2016
  training loss: 14940.4
  validation loss: 14952.3
  time: Wed May  4 16:49:45 2016
  training loss: 15073.6
  validation loss: 14975.9
  time: Wed May  4 16:49:55 2016
  training loss: 14860.4
  validation loss: 14980.5
  time: Wed May  4 16:50:04 2016
  training loss: 14903.4
  validation loss: 14808.5
 - stop time: Wed May  4 16:50:05 2016
Saving model model_data/models/model_7_identifier.mod
